2021-02-23 12:36:43.736 ERROR org.springframework.boot.SpringApplication Line:837 - Application run failed
org.springframework.beans.factory.BeanCreationException: Error creating bean with name 'redissonSingle' defined in class path resource [com/seckill/springbootseckill/config/RedissonAutoConfiguration.class]: Bean instantiation via factory method failed; nested exception is org.springframework.beans.BeanInstantiationException: Failed to instantiate [org.redisson.api.RedissonClient]: Factory method 'redissonSingle' threw exception; nested exception is java.lang.NoSuchMethodError: io.netty.util.concurrent.SingleThreadEventExecutor.<init>(Lio/netty/util/concurrent/EventExecutorGroup;Ljava/util/concurrent/Executor;ZLjava/util/Queue;Lio/netty/util/concurrent/RejectedExecutionHandler;)V
	at org.springframework.beans.factory.support.ConstructorResolver.instantiate(ConstructorResolver.java:657)
	at org.springframework.beans.factory.support.ConstructorResolver.instantiateUsingFactoryMethod(ConstructorResolver.java:485)
	at org.springframework.beans.factory.support.AbstractAutowireCapableBeanFactory.instantiateUsingFactoryMethod(AbstractAutowireCapableBeanFactory.java:1336)
	at org.springframework.beans.factory.support.AbstractAutowireCapableBeanFactory.createBeanInstance(AbstractAutowireCapableBeanFactory.java:1176)
	at org.springframework.beans.factory.support.AbstractAutowireCapableBeanFactory.doCreateBean(AbstractAutowireCapableBeanFactory.java:556)
	at org.springframework.beans.factory.support.AbstractAutowireCapableBeanFactory.createBean(AbstractAutowireCapableBeanFactory.java:516)
	at org.springframework.beans.factory.support.AbstractBeanFactory.lambda$doGetBean$0(AbstractBeanFactory.java:324)
	at org.springframework.beans.factory.support.DefaultSingletonBeanRegistry.getSingleton(DefaultSingletonBeanRegistry.java:234)
	at org.springframework.beans.factory.support.AbstractBeanFactory.doGetBean(AbstractBeanFactory.java:322)
	at org.springframework.beans.factory.support.AbstractBeanFactory.getBean(AbstractBeanFactory.java:202)
	at org.springframework.beans.factory.support.DefaultListableBeanFactory.preInstantiateSingletons(DefaultListableBeanFactory.java:897)
	at org.springframework.context.support.AbstractApplicationContext.finishBeanFactoryInitialization(AbstractApplicationContext.java:879)
	at org.springframework.context.support.AbstractApplicationContext.refresh(AbstractApplicationContext.java:551)
	at org.springframework.boot.web.servlet.context.ServletWebServerApplicationContext.refresh(ServletWebServerApplicationContext.java:143)
	at org.springframework.boot.SpringApplication.refresh(SpringApplication.java:758)
	at org.springframework.boot.SpringApplication.refresh(SpringApplication.java:750)
	at org.springframework.boot.SpringApplication.refreshContext(SpringApplication.java:405)
	at org.springframework.boot.SpringApplication.run(SpringApplication.java:315)
	at org.springframework.boot.SpringApplication.run(SpringApplication.java:1237)
	at org.springframework.boot.SpringApplication.run(SpringApplication.java:1226)
	at com.seckill.springbootseckill.SpringbootSeckillApplication.main(SpringbootSeckillApplication.java:18)
Caused by: org.springframework.beans.BeanInstantiationException: Failed to instantiate [org.redisson.api.RedissonClient]: Factory method 'redissonSingle' threw exception; nested exception is java.lang.NoSuchMethodError: io.netty.util.concurrent.SingleThreadEventExecutor.<init>(Lio/netty/util/concurrent/EventExecutorGroup;Ljava/util/concurrent/Executor;ZLjava/util/Queue;Lio/netty/util/concurrent/RejectedExecutionHandler;)V
	at org.springframework.beans.factory.support.SimpleInstantiationStrategy.instantiate(SimpleInstantiationStrategy.java:185)
	at org.springframework.beans.factory.support.ConstructorResolver.instantiate(ConstructorResolver.java:652)
	... 20 common frames omitted
Caused by: java.lang.NoSuchMethodError: io.netty.util.concurrent.SingleThreadEventExecutor.<init>(Lio/netty/util/concurrent/EventExecutorGroup;Ljava/util/concurrent/Executor;ZLjava/util/Queue;Lio/netty/util/concurrent/RejectedExecutionHandler;)V
	at io.netty.channel.SingleThreadEventLoop.<init>(SingleThreadEventLoop.java:65)
	at io.netty.channel.nio.NioEventLoop.<init>(NioEventLoop.java:138)
	at io.netty.channel.nio.NioEventLoopGroup.newChild(NioEventLoopGroup.java:146)
	at io.netty.channel.nio.NioEventLoopGroup.newChild(NioEventLoopGroup.java:37)
	at io.netty.util.concurrent.MultithreadEventExecutorGroup.<init>(MultithreadEventExecutorGroup.java:84)
	at io.netty.util.concurrent.MultithreadEventExecutorGroup.<init>(MultithreadEventExecutorGroup.java:58)
	at io.netty.util.concurrent.MultithreadEventExecutorGroup.<init>(MultithreadEventExecutorGroup.java:47)
	at io.netty.channel.MultithreadEventLoopGroup.<init>(MultithreadEventLoopGroup.java:59)
	at io.netty.channel.nio.NioEventLoopGroup.<init>(NioEventLoopGroup.java:86)
	at io.netty.channel.nio.NioEventLoopGroup.<init>(NioEventLoopGroup.java:81)
	at io.netty.channel.nio.NioEventLoopGroup.<init>(NioEventLoopGroup.java:68)
	at org.redisson.connection.MasterSlaveConnectionManager.<init>(MasterSlaveConnectionManager.java:197)
	at org.redisson.connection.MasterSlaveConnectionManager.<init>(MasterSlaveConnectionManager.java:166)
	at org.redisson.connection.SingleConnectionManager.<init>(SingleConnectionManager.java:34)
	at org.redisson.config.ConfigSupport.createConnectionManager(ConfigSupport.java:234)
	at org.redisson.Redisson.<init>(Redisson.java:115)
	at org.redisson.Redisson.create(Redisson.java:152)
	at com.seckill.springbootseckill.config.RedissonAutoConfiguration.redissonSingle(RedissonAutoConfiguration.java:61)
	at com.seckill.springbootseckill.config.RedissonAutoConfiguration$$EnhancerBySpringCGLIB$$21e2c3c9.CGLIB$redissonSingle$0(<generated>)
	at com.seckill.springbootseckill.config.RedissonAutoConfiguration$$EnhancerBySpringCGLIB$$21e2c3c9$$FastClassBySpringCGLIB$$801860fd.invoke(<generated>)
	at org.springframework.cglib.proxy.MethodProxy.invokeSuper(MethodProxy.java:244)
	at org.springframework.context.annotation.ConfigurationClassEnhancer$BeanMethodInterceptor.intercept(ConfigurationClassEnhancer.java:331)
	at com.seckill.springbootseckill.config.RedissonAutoConfiguration$$EnhancerBySpringCGLIB$$21e2c3c9.redissonSingle(<generated>)
	at java.base/jdk.internal.reflect.NativeMethodAccessorImpl.invoke0(Native Method)
	at java.base/jdk.internal.reflect.NativeMethodAccessorImpl.invoke(NativeMethodAccessorImpl.java:62)
	at java.base/jdk.internal.reflect.DelegatingMethodAccessorImpl.invoke(DelegatingMethodAccessorImpl.java:43)
	at java.base/java.lang.reflect.Method.invoke(Method.java:566)
	at org.springframework.beans.factory.support.SimpleInstantiationStrategy.instantiate(SimpleInstantiationStrategy.java:154)
	... 21 common frames omitted
2021-02-23 12:37:23.373 ERROR org.springframework.boot.SpringApplication Line:837 - Application run failed
org.springframework.beans.factory.BeanCreationException: Error creating bean with name 'redissonSingle' defined in class path resource [com/seckill/springbootseckill/config/RedissonAutoConfiguration.class]: Bean instantiation via factory method failed; nested exception is org.springframework.beans.BeanInstantiationException: Failed to instantiate [org.redisson.api.RedissonClient]: Factory method 'redissonSingle' threw exception; nested exception is java.lang.NoSuchMethodError: io.netty.util.concurrent.SingleThreadEventExecutor.<init>(Lio/netty/util/concurrent/EventExecutorGroup;Ljava/util/concurrent/Executor;ZLjava/util/Queue;Lio/netty/util/concurrent/RejectedExecutionHandler;)V
	at org.springframework.beans.factory.support.ConstructorResolver.instantiate(ConstructorResolver.java:657)
	at org.springframework.beans.factory.support.ConstructorResolver.instantiateUsingFactoryMethod(ConstructorResolver.java:485)
	at org.springframework.beans.factory.support.AbstractAutowireCapableBeanFactory.instantiateUsingFactoryMethod(AbstractAutowireCapableBeanFactory.java:1336)
	at org.springframework.beans.factory.support.AbstractAutowireCapableBeanFactory.createBeanInstance(AbstractAutowireCapableBeanFactory.java:1176)
	at org.springframework.beans.factory.support.AbstractAutowireCapableBeanFactory.doCreateBean(AbstractAutowireCapableBeanFactory.java:556)
	at org.springframework.beans.factory.support.AbstractAutowireCapableBeanFactory.createBean(AbstractAutowireCapableBeanFactory.java:516)
	at org.springframework.beans.factory.support.AbstractBeanFactory.lambda$doGetBean$0(AbstractBeanFactory.java:324)
	at org.springframework.beans.factory.support.DefaultSingletonBeanRegistry.getSingleton(DefaultSingletonBeanRegistry.java:234)
	at org.springframework.beans.factory.support.AbstractBeanFactory.doGetBean(AbstractBeanFactory.java:322)
	at org.springframework.beans.factory.support.AbstractBeanFactory.getBean(AbstractBeanFactory.java:202)
	at org.springframework.beans.factory.support.DefaultListableBeanFactory.preInstantiateSingletons(DefaultListableBeanFactory.java:897)
	at org.springframework.context.support.AbstractApplicationContext.finishBeanFactoryInitialization(AbstractApplicationContext.java:879)
	at org.springframework.context.support.AbstractApplicationContext.refresh(AbstractApplicationContext.java:551)
	at org.springframework.boot.web.servlet.context.ServletWebServerApplicationContext.refresh(ServletWebServerApplicationContext.java:143)
	at org.springframework.boot.SpringApplication.refresh(SpringApplication.java:758)
	at org.springframework.boot.SpringApplication.refresh(SpringApplication.java:750)
	at org.springframework.boot.SpringApplication.refreshContext(SpringApplication.java:405)
	at org.springframework.boot.SpringApplication.run(SpringApplication.java:315)
	at org.springframework.boot.SpringApplication.run(SpringApplication.java:1237)
	at org.springframework.boot.SpringApplication.run(SpringApplication.java:1226)
	at com.seckill.springbootseckill.SpringbootSeckillApplication.main(SpringbootSeckillApplication.java:18)
Caused by: org.springframework.beans.BeanInstantiationException: Failed to instantiate [org.redisson.api.RedissonClient]: Factory method 'redissonSingle' threw exception; nested exception is java.lang.NoSuchMethodError: io.netty.util.concurrent.SingleThreadEventExecutor.<init>(Lio/netty/util/concurrent/EventExecutorGroup;Ljava/util/concurrent/Executor;ZLjava/util/Queue;Lio/netty/util/concurrent/RejectedExecutionHandler;)V
	at org.springframework.beans.factory.support.SimpleInstantiationStrategy.instantiate(SimpleInstantiationStrategy.java:185)
	at org.springframework.beans.factory.support.ConstructorResolver.instantiate(ConstructorResolver.java:652)
	... 20 common frames omitted
Caused by: java.lang.NoSuchMethodError: io.netty.util.concurrent.SingleThreadEventExecutor.<init>(Lio/netty/util/concurrent/EventExecutorGroup;Ljava/util/concurrent/Executor;ZLjava/util/Queue;Lio/netty/util/concurrent/RejectedExecutionHandler;)V
	at io.netty.channel.SingleThreadEventLoop.<init>(SingleThreadEventLoop.java:65)
	at io.netty.channel.nio.NioEventLoop.<init>(NioEventLoop.java:138)
	at io.netty.channel.nio.NioEventLoopGroup.newChild(NioEventLoopGroup.java:146)
	at io.netty.channel.nio.NioEventLoopGroup.newChild(NioEventLoopGroup.java:37)
	at io.netty.util.concurrent.MultithreadEventExecutorGroup.<init>(MultithreadEventExecutorGroup.java:84)
	at io.netty.util.concurrent.MultithreadEventExecutorGroup.<init>(MultithreadEventExecutorGroup.java:58)
	at io.netty.util.concurrent.MultithreadEventExecutorGroup.<init>(MultithreadEventExecutorGroup.java:47)
	at io.netty.channel.MultithreadEventLoopGroup.<init>(MultithreadEventLoopGroup.java:59)
	at io.netty.channel.nio.NioEventLoopGroup.<init>(NioEventLoopGroup.java:86)
	at io.netty.channel.nio.NioEventLoopGroup.<init>(NioEventLoopGroup.java:81)
	at io.netty.channel.nio.NioEventLoopGroup.<init>(NioEventLoopGroup.java:68)
	at org.redisson.connection.MasterSlaveConnectionManager.<init>(MasterSlaveConnectionManager.java:197)
	at org.redisson.connection.MasterSlaveConnectionManager.<init>(MasterSlaveConnectionManager.java:166)
	at org.redisson.connection.SingleConnectionManager.<init>(SingleConnectionManager.java:34)
	at org.redisson.config.ConfigSupport.createConnectionManager(ConfigSupport.java:234)
	at org.redisson.Redisson.<init>(Redisson.java:115)
	at org.redisson.Redisson.create(Redisson.java:152)
	at com.seckill.springbootseckill.config.RedissonAutoConfiguration.redissonSingle(RedissonAutoConfiguration.java:61)
	at com.seckill.springbootseckill.config.RedissonAutoConfiguration$$EnhancerBySpringCGLIB$$35412960.CGLIB$redissonSingle$1(<generated>)
	at com.seckill.springbootseckill.config.RedissonAutoConfiguration$$EnhancerBySpringCGLIB$$35412960$$FastClassBySpringCGLIB$$67d0b7cb.invoke(<generated>)
	at org.springframework.cglib.proxy.MethodProxy.invokeSuper(MethodProxy.java:244)
	at org.springframework.context.annotation.ConfigurationClassEnhancer$BeanMethodInterceptor.intercept(ConfigurationClassEnhancer.java:331)
	at com.seckill.springbootseckill.config.RedissonAutoConfiguration$$EnhancerBySpringCGLIB$$35412960.redissonSingle(<generated>)
	at java.base/jdk.internal.reflect.NativeMethodAccessorImpl.invoke0(Native Method)
	at java.base/jdk.internal.reflect.NativeMethodAccessorImpl.invoke(NativeMethodAccessorImpl.java:62)
	at java.base/jdk.internal.reflect.DelegatingMethodAccessorImpl.invoke(DelegatingMethodAccessorImpl.java:43)
	at java.base/java.lang.reflect.Method.invoke(Method.java:566)
	at org.springframework.beans.factory.support.SimpleInstantiationStrategy.instantiate(SimpleInstantiationStrategy.java:154)
	... 21 common frames omitted
2021-02-23 12:42:07.151 ERROR org.springframework.boot.SpringApplication Line:837 - Application run failed
org.springframework.beans.factory.BeanCreationException: Error creating bean with name 'redissonSingle' defined in class path resource [com/seckill/springbootseckill/config/RedissonAutoConfiguration.class]: Bean instantiation via factory method failed; nested exception is org.springframework.beans.BeanInstantiationException: Failed to instantiate [org.redisson.api.RedissonClient]: Factory method 'redissonSingle' threw exception; nested exception is java.lang.NoSuchMethodError: io.netty.util.concurrent.SingleThreadEventExecutor.<init>(Lio/netty/util/concurrent/EventExecutorGroup;Ljava/util/concurrent/Executor;ZLjava/util/Queue;Lio/netty/util/concurrent/RejectedExecutionHandler;)V
	at org.springframework.beans.factory.support.ConstructorResolver.instantiate(ConstructorResolver.java:657)
	at org.springframework.beans.factory.support.ConstructorResolver.instantiateUsingFactoryMethod(ConstructorResolver.java:485)
	at org.springframework.beans.factory.support.AbstractAutowireCapableBeanFactory.instantiateUsingFactoryMethod(AbstractAutowireCapableBeanFactory.java:1336)
	at org.springframework.beans.factory.support.AbstractAutowireCapableBeanFactory.createBeanInstance(AbstractAutowireCapableBeanFactory.java:1176)
	at org.springframework.beans.factory.support.AbstractAutowireCapableBeanFactory.doCreateBean(AbstractAutowireCapableBeanFactory.java:556)
	at org.springframework.beans.factory.support.AbstractAutowireCapableBeanFactory.createBean(AbstractAutowireCapableBeanFactory.java:516)
	at org.springframework.beans.factory.support.AbstractBeanFactory.lambda$doGetBean$0(AbstractBeanFactory.java:324)
	at org.springframework.beans.factory.support.DefaultSingletonBeanRegistry.getSingleton(DefaultSingletonBeanRegistry.java:234)
	at org.springframework.beans.factory.support.AbstractBeanFactory.doGetBean(AbstractBeanFactory.java:322)
	at org.springframework.beans.factory.support.AbstractBeanFactory.getBean(AbstractBeanFactory.java:202)
	at org.springframework.beans.factory.support.DefaultListableBeanFactory.preInstantiateSingletons(DefaultListableBeanFactory.java:897)
	at org.springframework.context.support.AbstractApplicationContext.finishBeanFactoryInitialization(AbstractApplicationContext.java:879)
	at org.springframework.context.support.AbstractApplicationContext.refresh(AbstractApplicationContext.java:551)
	at org.springframework.boot.web.servlet.context.ServletWebServerApplicationContext.refresh(ServletWebServerApplicationContext.java:143)
	at org.springframework.boot.SpringApplication.refresh(SpringApplication.java:758)
	at org.springframework.boot.SpringApplication.refresh(SpringApplication.java:750)
	at org.springframework.boot.SpringApplication.refreshContext(SpringApplication.java:405)
	at org.springframework.boot.SpringApplication.run(SpringApplication.java:315)
	at org.springframework.boot.SpringApplication.run(SpringApplication.java:1237)
	at org.springframework.boot.SpringApplication.run(SpringApplication.java:1226)
	at com.seckill.springbootseckill.SpringbootSeckillApplication.main(SpringbootSeckillApplication.java:18)
Caused by: org.springframework.beans.BeanInstantiationException: Failed to instantiate [org.redisson.api.RedissonClient]: Factory method 'redissonSingle' threw exception; nested exception is java.lang.NoSuchMethodError: io.netty.util.concurrent.SingleThreadEventExecutor.<init>(Lio/netty/util/concurrent/EventExecutorGroup;Ljava/util/concurrent/Executor;ZLjava/util/Queue;Lio/netty/util/concurrent/RejectedExecutionHandler;)V
	at org.springframework.beans.factory.support.SimpleInstantiationStrategy.instantiate(SimpleInstantiationStrategy.java:185)
	at org.springframework.beans.factory.support.ConstructorResolver.instantiate(ConstructorResolver.java:652)
	... 20 common frames omitted
Caused by: java.lang.NoSuchMethodError: io.netty.util.concurrent.SingleThreadEventExecutor.<init>(Lio/netty/util/concurrent/EventExecutorGroup;Ljava/util/concurrent/Executor;ZLjava/util/Queue;Lio/netty/util/concurrent/RejectedExecutionHandler;)V
	at io.netty.channel.SingleThreadEventLoop.<init>(SingleThreadEventLoop.java:65)
	at io.netty.channel.nio.NioEventLoop.<init>(NioEventLoop.java:138)
	at io.netty.channel.nio.NioEventLoopGroup.newChild(NioEventLoopGroup.java:146)
	at io.netty.channel.nio.NioEventLoopGroup.newChild(NioEventLoopGroup.java:37)
	at io.netty.util.concurrent.MultithreadEventExecutorGroup.<init>(MultithreadEventExecutorGroup.java:84)
	at io.netty.util.concurrent.MultithreadEventExecutorGroup.<init>(MultithreadEventExecutorGroup.java:58)
	at io.netty.util.concurrent.MultithreadEventExecutorGroup.<init>(MultithreadEventExecutorGroup.java:47)
	at io.netty.channel.MultithreadEventLoopGroup.<init>(MultithreadEventLoopGroup.java:59)
	at io.netty.channel.nio.NioEventLoopGroup.<init>(NioEventLoopGroup.java:86)
	at io.netty.channel.nio.NioEventLoopGroup.<init>(NioEventLoopGroup.java:81)
	at io.netty.channel.nio.NioEventLoopGroup.<init>(NioEventLoopGroup.java:68)
	at org.redisson.connection.MasterSlaveConnectionManager.<init>(MasterSlaveConnectionManager.java:197)
	at org.redisson.connection.MasterSlaveConnectionManager.<init>(MasterSlaveConnectionManager.java:166)
	at org.redisson.connection.SingleConnectionManager.<init>(SingleConnectionManager.java:34)
	at org.redisson.config.ConfigSupport.createConnectionManager(ConfigSupport.java:234)
	at org.redisson.Redisson.<init>(Redisson.java:115)
	at org.redisson.Redisson.create(Redisson.java:152)
	at com.seckill.springbootseckill.config.RedissonAutoConfiguration.redissonSingle(RedissonAutoConfiguration.java:61)
	at com.seckill.springbootseckill.config.RedissonAutoConfiguration$$EnhancerBySpringCGLIB$$2ec62a1b.CGLIB$redissonSingle$0(<generated>)
	at com.seckill.springbootseckill.config.RedissonAutoConfiguration$$EnhancerBySpringCGLIB$$2ec62a1b$$FastClassBySpringCGLIB$$3b957791.invoke(<generated>)
	at org.springframework.cglib.proxy.MethodProxy.invokeSuper(MethodProxy.java:244)
	at org.springframework.context.annotation.ConfigurationClassEnhancer$BeanMethodInterceptor.intercept(ConfigurationClassEnhancer.java:331)
	at com.seckill.springbootseckill.config.RedissonAutoConfiguration$$EnhancerBySpringCGLIB$$2ec62a1b.redissonSingle(<generated>)
	at java.base/jdk.internal.reflect.NativeMethodAccessorImpl.invoke0(Native Method)
	at java.base/jdk.internal.reflect.NativeMethodAccessorImpl.invoke(NativeMethodAccessorImpl.java:62)
	at java.base/jdk.internal.reflect.DelegatingMethodAccessorImpl.invoke(DelegatingMethodAccessorImpl.java:43)
	at java.base/java.lang.reflect.Method.invoke(Method.java:566)
	at org.springframework.beans.factory.support.SimpleInstantiationStrategy.instantiate(SimpleInstantiationStrategy.java:154)
	... 21 common frames omitted
2021-02-23 12:44:41.674 ERROR org.springframework.boot.SpringApplication Line:837 - Application run failed
org.springframework.beans.factory.BeanCreationException: Error creating bean with name 'redissonSingle' defined in class path resource [com/seckill/springbootseckill/config/RedissonAutoConfiguration.class]: Bean instantiation via factory method failed; nested exception is org.springframework.beans.BeanInstantiationException: Failed to instantiate [org.redisson.api.RedissonClient]: Factory method 'redissonSingle' threw exception; nested exception is java.lang.NoSuchMethodError: io.netty.util.concurrent.SingleThreadEventExecutor.<init>(Lio/netty/util/concurrent/EventExecutorGroup;Ljava/util/concurrent/Executor;ZLjava/util/Queue;Lio/netty/util/concurrent/RejectedExecutionHandler;)V
	at org.springframework.beans.factory.support.ConstructorResolver.instantiate(ConstructorResolver.java:657)
	at org.springframework.beans.factory.support.ConstructorResolver.instantiateUsingFactoryMethod(ConstructorResolver.java:485)
	at org.springframework.beans.factory.support.AbstractAutowireCapableBeanFactory.instantiateUsingFactoryMethod(AbstractAutowireCapableBeanFactory.java:1336)
	at org.springframework.beans.factory.support.AbstractAutowireCapableBeanFactory.createBeanInstance(AbstractAutowireCapableBeanFactory.java:1176)
	at org.springframework.beans.factory.support.AbstractAutowireCapableBeanFactory.doCreateBean(AbstractAutowireCapableBeanFactory.java:556)
	at org.springframework.beans.factory.support.AbstractAutowireCapableBeanFactory.createBean(AbstractAutowireCapableBeanFactory.java:516)
	at org.springframework.beans.factory.support.AbstractBeanFactory.lambda$doGetBean$0(AbstractBeanFactory.java:324)
	at org.springframework.beans.factory.support.DefaultSingletonBeanRegistry.getSingleton(DefaultSingletonBeanRegistry.java:234)
	at org.springframework.beans.factory.support.AbstractBeanFactory.doGetBean(AbstractBeanFactory.java:322)
	at org.springframework.beans.factory.support.AbstractBeanFactory.getBean(AbstractBeanFactory.java:202)
	at org.springframework.beans.factory.support.DefaultListableBeanFactory.preInstantiateSingletons(DefaultListableBeanFactory.java:897)
	at org.springframework.context.support.AbstractApplicationContext.finishBeanFactoryInitialization(AbstractApplicationContext.java:879)
	at org.springframework.context.support.AbstractApplicationContext.refresh(AbstractApplicationContext.java:551)
	at org.springframework.boot.web.servlet.context.ServletWebServerApplicationContext.refresh(ServletWebServerApplicationContext.java:143)
	at org.springframework.boot.SpringApplication.refresh(SpringApplication.java:758)
	at org.springframework.boot.SpringApplication.refresh(SpringApplication.java:750)
	at org.springframework.boot.SpringApplication.refreshContext(SpringApplication.java:405)
	at org.springframework.boot.SpringApplication.run(SpringApplication.java:315)
	at org.springframework.boot.SpringApplication.run(SpringApplication.java:1237)
	at org.springframework.boot.SpringApplication.run(SpringApplication.java:1226)
	at com.seckill.springbootseckill.SpringbootSeckillApplication.main(SpringbootSeckillApplication.java:18)
Caused by: org.springframework.beans.BeanInstantiationException: Failed to instantiate [org.redisson.api.RedissonClient]: Factory method 'redissonSingle' threw exception; nested exception is java.lang.NoSuchMethodError: io.netty.util.concurrent.SingleThreadEventExecutor.<init>(Lio/netty/util/concurrent/EventExecutorGroup;Ljava/util/concurrent/Executor;ZLjava/util/Queue;Lio/netty/util/concurrent/RejectedExecutionHandler;)V
	at org.springframework.beans.factory.support.SimpleInstantiationStrategy.instantiate(SimpleInstantiationStrategy.java:185)
	at org.springframework.beans.factory.support.ConstructorResolver.instantiate(ConstructorResolver.java:652)
	... 20 common frames omitted
Caused by: java.lang.NoSuchMethodError: io.netty.util.concurrent.SingleThreadEventExecutor.<init>(Lio/netty/util/concurrent/EventExecutorGroup;Ljava/util/concurrent/Executor;ZLjava/util/Queue;Lio/netty/util/concurrent/RejectedExecutionHandler;)V
	at io.netty.channel.SingleThreadEventLoop.<init>(SingleThreadEventLoop.java:65)
	at io.netty.channel.nio.NioEventLoop.<init>(NioEventLoop.java:138)
	at io.netty.channel.nio.NioEventLoopGroup.newChild(NioEventLoopGroup.java:146)
	at io.netty.channel.nio.NioEventLoopGroup.newChild(NioEventLoopGroup.java:37)
	at io.netty.util.concurrent.MultithreadEventExecutorGroup.<init>(MultithreadEventExecutorGroup.java:84)
	at io.netty.util.concurrent.MultithreadEventExecutorGroup.<init>(MultithreadEventExecutorGroup.java:58)
	at io.netty.util.concurrent.MultithreadEventExecutorGroup.<init>(MultithreadEventExecutorGroup.java:47)
	at io.netty.channel.MultithreadEventLoopGroup.<init>(MultithreadEventLoopGroup.java:59)
	at io.netty.channel.nio.NioEventLoopGroup.<init>(NioEventLoopGroup.java:86)
	at io.netty.channel.nio.NioEventLoopGroup.<init>(NioEventLoopGroup.java:81)
	at io.netty.channel.nio.NioEventLoopGroup.<init>(NioEventLoopGroup.java:68)
	at org.redisson.connection.MasterSlaveConnectionManager.<init>(MasterSlaveConnectionManager.java:197)
	at org.redisson.connection.MasterSlaveConnectionManager.<init>(MasterSlaveConnectionManager.java:166)
	at org.redisson.connection.SingleConnectionManager.<init>(SingleConnectionManager.java:34)
	at org.redisson.config.ConfigSupport.createConnectionManager(ConfigSupport.java:234)
	at org.redisson.Redisson.<init>(Redisson.java:115)
	at org.redisson.Redisson.create(Redisson.java:152)
	at com.seckill.springbootseckill.config.RedissonAutoConfiguration.redissonSingle(RedissonAutoConfiguration.java:61)
	at com.seckill.springbootseckill.config.RedissonAutoConfiguration$$EnhancerBySpringCGLIB$$e4158496.CGLIB$redissonSingle$1(<generated>)
	at com.seckill.springbootseckill.config.RedissonAutoConfiguration$$EnhancerBySpringCGLIB$$e4158496$$FastClassBySpringCGLIB$$7801bc17.invoke(<generated>)
	at org.springframework.cglib.proxy.MethodProxy.invokeSuper(MethodProxy.java:244)
	at org.springframework.context.annotation.ConfigurationClassEnhancer$BeanMethodInterceptor.intercept(ConfigurationClassEnhancer.java:331)
	at com.seckill.springbootseckill.config.RedissonAutoConfiguration$$EnhancerBySpringCGLIB$$e4158496.redissonSingle(<generated>)
	at java.base/jdk.internal.reflect.NativeMethodAccessorImpl.invoke0(Native Method)
	at java.base/jdk.internal.reflect.NativeMethodAccessorImpl.invoke(NativeMethodAccessorImpl.java:62)
	at java.base/jdk.internal.reflect.DelegatingMethodAccessorImpl.invoke(DelegatingMethodAccessorImpl.java:43)
	at java.base/java.lang.reflect.Method.invoke(Method.java:566)
	at org.springframework.beans.factory.support.SimpleInstantiationStrategy.instantiate(SimpleInstantiationStrategy.java:154)
	... 21 common frames omitted
2021-02-23 12:48:38.740 ERROR org.springframework.boot.SpringApplication Line:837 - Application run failed
org.springframework.beans.factory.BeanCreationException: Error creating bean with name 'redissonSingle' defined in class path resource [com/seckill/springbootseckill/config/RedissonAutoConfiguration.class]: Bean instantiation via factory method failed; nested exception is org.springframework.beans.BeanInstantiationException: Failed to instantiate [org.redisson.api.RedissonClient]: Factory method 'redissonSingle' threw exception; nested exception is java.lang.NoSuchMethodError: io.netty.util.concurrent.SingleThreadEventExecutor.<init>(Lio/netty/util/concurrent/EventExecutorGroup;Ljava/util/concurrent/Executor;ZLjava/util/Queue;Lio/netty/util/concurrent/RejectedExecutionHandler;)V
	at org.springframework.beans.factory.support.ConstructorResolver.instantiate(ConstructorResolver.java:657)
	at org.springframework.beans.factory.support.ConstructorResolver.instantiateUsingFactoryMethod(ConstructorResolver.java:485)
	at org.springframework.beans.factory.support.AbstractAutowireCapableBeanFactory.instantiateUsingFactoryMethod(AbstractAutowireCapableBeanFactory.java:1336)
	at org.springframework.beans.factory.support.AbstractAutowireCapableBeanFactory.createBeanInstance(AbstractAutowireCapableBeanFactory.java:1176)
	at org.springframework.beans.factory.support.AbstractAutowireCapableBeanFactory.doCreateBean(AbstractAutowireCapableBeanFactory.java:556)
	at org.springframework.beans.factory.support.AbstractAutowireCapableBeanFactory.createBean(AbstractAutowireCapableBeanFactory.java:516)
	at org.springframework.beans.factory.support.AbstractBeanFactory.lambda$doGetBean$0(AbstractBeanFactory.java:324)
	at org.springframework.beans.factory.support.DefaultSingletonBeanRegistry.getSingleton(DefaultSingletonBeanRegistry.java:234)
	at org.springframework.beans.factory.support.AbstractBeanFactory.doGetBean(AbstractBeanFactory.java:322)
	at org.springframework.beans.factory.support.AbstractBeanFactory.getBean(AbstractBeanFactory.java:202)
	at org.springframework.beans.factory.support.DefaultListableBeanFactory.preInstantiateSingletons(DefaultListableBeanFactory.java:897)
	at org.springframework.context.support.AbstractApplicationContext.finishBeanFactoryInitialization(AbstractApplicationContext.java:879)
	at org.springframework.context.support.AbstractApplicationContext.refresh(AbstractApplicationContext.java:551)
	at org.springframework.boot.web.servlet.context.ServletWebServerApplicationContext.refresh(ServletWebServerApplicationContext.java:143)
	at org.springframework.boot.SpringApplication.refresh(SpringApplication.java:758)
	at org.springframework.boot.SpringApplication.refresh(SpringApplication.java:750)
	at org.springframework.boot.SpringApplication.refreshContext(SpringApplication.java:405)
	at org.springframework.boot.SpringApplication.run(SpringApplication.java:315)
	at org.springframework.boot.SpringApplication.run(SpringApplication.java:1237)
	at org.springframework.boot.SpringApplication.run(SpringApplication.java:1226)
	at com.seckill.springbootseckill.SpringbootSeckillApplication.main(SpringbootSeckillApplication.java:18)
Caused by: org.springframework.beans.BeanInstantiationException: Failed to instantiate [org.redisson.api.RedissonClient]: Factory method 'redissonSingle' threw exception; nested exception is java.lang.NoSuchMethodError: io.netty.util.concurrent.SingleThreadEventExecutor.<init>(Lio/netty/util/concurrent/EventExecutorGroup;Ljava/util/concurrent/Executor;ZLjava/util/Queue;Lio/netty/util/concurrent/RejectedExecutionHandler;)V
	at org.springframework.beans.factory.support.SimpleInstantiationStrategy.instantiate(SimpleInstantiationStrategy.java:185)
	at org.springframework.beans.factory.support.ConstructorResolver.instantiate(ConstructorResolver.java:652)
	... 20 common frames omitted
Caused by: java.lang.NoSuchMethodError: io.netty.util.concurrent.SingleThreadEventExecutor.<init>(Lio/netty/util/concurrent/EventExecutorGroup;Ljava/util/concurrent/Executor;ZLjava/util/Queue;Lio/netty/util/concurrent/RejectedExecutionHandler;)V
	at io.netty.channel.SingleThreadEventLoop.<init>(SingleThreadEventLoop.java:65)
	at io.netty.channel.nio.NioEventLoop.<init>(NioEventLoop.java:138)
	at io.netty.channel.nio.NioEventLoopGroup.newChild(NioEventLoopGroup.java:146)
	at io.netty.channel.nio.NioEventLoopGroup.newChild(NioEventLoopGroup.java:37)
	at io.netty.util.concurrent.MultithreadEventExecutorGroup.<init>(MultithreadEventExecutorGroup.java:84)
	at io.netty.util.concurrent.MultithreadEventExecutorGroup.<init>(MultithreadEventExecutorGroup.java:58)
	at io.netty.util.concurrent.MultithreadEventExecutorGroup.<init>(MultithreadEventExecutorGroup.java:47)
	at io.netty.channel.MultithreadEventLoopGroup.<init>(MultithreadEventLoopGroup.java:59)
	at io.netty.channel.nio.NioEventLoopGroup.<init>(NioEventLoopGroup.java:86)
	at io.netty.channel.nio.NioEventLoopGroup.<init>(NioEventLoopGroup.java:81)
	at io.netty.channel.nio.NioEventLoopGroup.<init>(NioEventLoopGroup.java:68)
	at org.redisson.connection.MasterSlaveConnectionManager.<init>(MasterSlaveConnectionManager.java:197)
	at org.redisson.connection.MasterSlaveConnectionManager.<init>(MasterSlaveConnectionManager.java:166)
	at org.redisson.connection.SingleConnectionManager.<init>(SingleConnectionManager.java:34)
	at org.redisson.config.ConfigSupport.createConnectionManager(ConfigSupport.java:234)
	at org.redisson.Redisson.<init>(Redisson.java:115)
	at org.redisson.Redisson.create(Redisson.java:152)
	at com.seckill.springbootseckill.config.RedissonAutoConfiguration.redissonSingle(RedissonAutoConfiguration.java:61)
	at com.seckill.springbootseckill.config.RedissonAutoConfiguration$$EnhancerBySpringCGLIB$$ad896d30.CGLIB$redissonSingle$0(<generated>)
	at com.seckill.springbootseckill.config.RedissonAutoConfiguration$$EnhancerBySpringCGLIB$$ad896d30$$FastClassBySpringCGLIB$$cfd239da.invoke(<generated>)
	at org.springframework.cglib.proxy.MethodProxy.invokeSuper(MethodProxy.java:244)
	at org.springframework.context.annotation.ConfigurationClassEnhancer$BeanMethodInterceptor.intercept(ConfigurationClassEnhancer.java:331)
	at com.seckill.springbootseckill.config.RedissonAutoConfiguration$$EnhancerBySpringCGLIB$$ad896d30.redissonSingle(<generated>)
	at java.base/jdk.internal.reflect.NativeMethodAccessorImpl.invoke0(Native Method)
	at java.base/jdk.internal.reflect.NativeMethodAccessorImpl.invoke(NativeMethodAccessorImpl.java:62)
	at java.base/jdk.internal.reflect.DelegatingMethodAccessorImpl.invoke(DelegatingMethodAccessorImpl.java:43)
	at java.base/java.lang.reflect.Method.invoke(Method.java:566)
	at org.springframework.beans.factory.support.SimpleInstantiationStrategy.instantiate(SimpleInstantiationStrategy.java:154)
	... 21 common frames omitted
